[2025-05-30 02:39:23,556] INFO - Start Training...
[2025-05-30 02:39:45,279] INFO - Start Training...
[2025-05-30 04:25:06,030] INFO - Training Complete
[2025-05-30 04:25:06,031] INFO - Epoch 1 - det_loss: 0.7815, cls_loss: 0.4394, box_loss: 0.0068, reg_l2_loss: 0.0652, loss: 0.8467, learning_rate: 0.0400, gradient_norm: 1.4924, val_det_loss: 0.8602, val_cls_loss: 0.4566, val_box_loss: 0.0081, val_reg_l2_loss: 0.0653, val_loss: 0.9255
[2025-05-30 04:25:06,032] INFO - Epoch 2 - det_loss: 0.5867, cls_loss: 0.3369, box_loss: 0.0050, reg_l2_loss: 0.0687, loss: 0.6554, learning_rate: 0.0389, gradient_norm: 1.6265, val_det_loss: 0.8522, val_cls_loss: 0.4884, val_box_loss: 0.0073, val_reg_l2_loss: 0.0687, val_loss: 0.9209
[2025-05-30 04:25:06,033] INFO - Epoch 3 - det_loss: 0.7319, cls_loss: 0.4118, box_loss: 0.0064, reg_l2_loss: 0.0715, loss: 0.8034, learning_rate: 0.0376, gradient_norm: 1.4932, val_det_loss: 0.6698, val_cls_loss: 0.3897, val_box_loss: 0.0056, val_reg_l2_loss: 0.0715, val_loss: 0.7413
[2025-05-30 04:25:06,034] INFO - Epoch 4 - det_loss: 0.5872, cls_loss: 0.3353, box_loss: 0.0050, reg_l2_loss: 0.0739, loss: 0.6612, learning_rate: 0.0358, gradient_norm: 1.4884, val_det_loss: 0.7807, val_cls_loss: 0.4518, val_box_loss: 0.0066, val_reg_l2_loss: 0.0739, val_loss: 0.8546
[2025-05-30 04:25:06,034] INFO - Epoch 5 - det_loss: 0.4992, cls_loss: 0.3018, box_loss: 0.0039, reg_l2_loss: 0.0761, loss: 0.5752, learning_rate: 0.0335, gradient_norm: 1.5293, val_det_loss: 0.7216, val_cls_loss: 0.4175, val_box_loss: 0.0061, val_reg_l2_loss: 0.0761, val_loss: 0.7977
[2025-05-30 04:25:06,034] INFO - Epoch 6 - det_loss: 0.4962, cls_loss: 0.2932, box_loss: 0.0041, reg_l2_loss: 0.0778, loss: 0.5740, learning_rate: 0.0309, gradient_norm: 1.8883, val_det_loss: 0.6484, val_cls_loss: 0.3830, val_box_loss: 0.0053, val_reg_l2_loss: 0.0778, val_loss: 0.7262
[2025-05-30 04:25:06,034] INFO - Epoch 7 - det_loss: 0.4684, cls_loss: 0.2625, box_loss: 0.0041, reg_l2_loss: 0.0792, loss: 0.5476, learning_rate: 0.0280, gradient_norm: 1.3455, val_det_loss: 0.7055, val_cls_loss: 0.4193, val_box_loss: 0.0057, val_reg_l2_loss: 0.0792, val_loss: 0.7847
[2025-05-30 04:25:06,034] INFO - Epoch 8 - det_loss: 0.4628, cls_loss: 0.2718, box_loss: 0.0038, reg_l2_loss: 0.0803, loss: 0.5430, learning_rate: 0.0249, gradient_norm: 1.5923, val_det_loss: 0.5936, val_cls_loss: 0.3412, val_box_loss: 0.0050, val_reg_l2_loss: 0.0803, val_loss: 0.6738
[2025-05-30 04:25:06,034] INFO - Epoch 9 - det_loss: 0.6411, cls_loss: 0.3844, box_loss: 0.0051, reg_l2_loss: 0.0810, loss: 0.7220, learning_rate: 0.0217, gradient_norm: 2.1246, val_det_loss: 0.6303, val_cls_loss: 0.3592, val_box_loss: 0.0054, val_reg_l2_loss: 0.0810, val_loss: 0.7113
[2025-05-30 04:25:06,034] INFO - Epoch 10 - det_loss: 0.4010, cls_loss: 0.2512, box_loss: 0.0030, reg_l2_loss: 0.0814, loss: 0.4824, learning_rate: 0.0184, gradient_norm: 1.8696, val_det_loss: 0.5979, val_cls_loss: 0.3469, val_box_loss: 0.0050, val_reg_l2_loss: 0.0814, val_loss: 0.6793
[2025-05-30 04:25:06,034] INFO - Epoch 11 - det_loss: 0.4407, cls_loss: 0.2566, box_loss: 0.0037, reg_l2_loss: 0.0816, loss: 0.5223, learning_rate: 0.0151, gradient_norm: 1.6533, val_det_loss: 0.5995, val_cls_loss: 0.3435, val_box_loss: 0.0051, val_reg_l2_loss: 0.0816, val_loss: 0.6811
[2025-05-30 04:25:06,035] INFO - Epoch 12 - det_loss: 0.4669, cls_loss: 0.2655, box_loss: 0.0040, reg_l2_loss: 0.0816, loss: 0.5485, learning_rate: 0.0120, gradient_norm: 1.7168, val_det_loss: 0.5583, val_cls_loss: 0.3160, val_box_loss: 0.0048, val_reg_l2_loss: 0.0816, val_loss: 0.6399
[2025-05-30 04:25:06,035] INFO - Epoch 13 - det_loss: 0.3709, cls_loss: 0.2121, box_loss: 0.0032, reg_l2_loss: 0.0815, loss: 0.4525, learning_rate: 0.0091, gradient_norm: 1.5579, val_det_loss: 0.5904, val_cls_loss: 0.3385, val_box_loss: 0.0050, val_reg_l2_loss: 0.0815, val_loss: 0.6719
[2025-05-30 04:25:06,035] INFO - Epoch 14 - det_loss: 0.3988, cls_loss: 0.2317, box_loss: 0.0033, reg_l2_loss: 0.0814, loss: 0.4801, learning_rate: 0.0065, gradient_norm: 1.5500, val_det_loss: 0.5975, val_cls_loss: 0.3379, val_box_loss: 0.0052, val_reg_l2_loss: 0.0814, val_loss: 0.6789
[2025-05-30 04:25:06,035] INFO - Epoch 15 - det_loss: 0.3408, cls_loss: 0.1998, box_loss: 0.0028, reg_l2_loss: 0.0812, loss: 0.4220, learning_rate: 0.0042, gradient_norm: 1.9236, val_det_loss: 0.5556, val_cls_loss: 0.3062, val_box_loss: 0.0050, val_reg_l2_loss: 0.0812, val_loss: 0.6368
[2025-05-30 04:25:06,035] INFO - Epoch 16 - det_loss: 0.3513, cls_loss: 0.2019, box_loss: 0.0030, reg_l2_loss: 0.0811, loss: 0.4323, learning_rate: 0.0024, gradient_norm: 1.4425, val_det_loss: 0.5423, val_cls_loss: 0.2951, val_box_loss: 0.0049, val_reg_l2_loss: 0.0811, val_loss: 0.6234
[2025-05-30 04:25:06,035] INFO - Epoch 17 - det_loss: 0.3626, cls_loss: 0.2108, box_loss: 0.0030, reg_l2_loss: 0.0810, loss: 0.4436, learning_rate: 0.0011, gradient_norm: 1.5318, val_det_loss: 0.5385, val_cls_loss: 0.2908, val_box_loss: 0.0050, val_reg_l2_loss: 0.0810, val_loss: 0.6195
[2025-05-30 04:25:06,035] INFO - Epoch 18 - det_loss: 0.3402, cls_loss: 0.1998, box_loss: 0.0028, reg_l2_loss: 0.0810, loss: 0.4212, learning_rate: 0.0003, gradient_norm: 1.4704, val_det_loss: 0.5267, val_cls_loss: 0.2853, val_box_loss: 0.0048, val_reg_l2_loss: 0.0810, val_loss: 0.6077
[2025-05-30 04:25:06,035] INFO - Epoch 19 - det_loss: 0.3730, cls_loss: 0.2272, box_loss: 0.0029, reg_l2_loss: 0.0810, loss: 0.4540, learning_rate: 0.0000, gradient_norm: 1.5234, val_det_loss: 0.5312, val_cls_loss: 0.2884, val_box_loss: 0.0049, val_reg_l2_loss: 0.0810, val_loss: 0.6122
[2025-05-30 04:25:06,035] INFO - Epoch 20 - det_loss: 0.3762, cls_loss: 0.2072, box_loss: 0.0034, reg_l2_loss: 0.0810, loss: 0.4571, learning_rate: 0.0003, gradient_norm: 1.6945, val_det_loss: 0.5299, val_cls_loss: 0.2869, val_box_loss: 0.0049, val_reg_l2_loss: 0.0810, val_loss: 0.6109
[2025-05-30 04:25:14,447] INFO - Evaluation Results: {'AP': 0.30029926, 'AP50': 0.5838415, 'AP75': 0.30821624, 'APs': 0.060938254, 'APm': 0.2189283, 'APl': 0.36598983, 'ARmax1': 0.29911003, 'ARmax10': 0.48611704, 'ARmax100': 0.523246, 'ARs': 0.2377551, 'ARm': 0.3808758, 'ARl': 0.6077118, 'AP_/fire': 0.4466167, 'AP_/Fire': 0.15398179}
[2025-05-30 04:25:14,891] INFO - Result Plot Saved
[2025-05-30 04:26:35,095] INFO - Model Export Complete
[2025-05-30 13:04:05,747] INFO - Start Training...
[2025-05-30 13:39:58,943] INFO - Training Complete
[2025-05-30 13:39:58,945] INFO - Epoch 1 - det_loss: 1.0948, cls_loss: 0.5565, box_loss: 0.0108, reg_l2_loss: 0.0634, loss: 1.1582, learning_rate: 0.0398, gradient_norm: 1.7316, val_det_loss: 1.6133, val_cls_loss: 1.0550, val_box_loss: 0.0112, val_reg_l2_loss: 0.0634, val_loss: 1.6767
[2025-05-30 13:39:58,947] INFO - Epoch 2 - det_loss: 0.7668, cls_loss: 0.4325, box_loss: 0.0067, reg_l2_loss: 0.0643, loss: 0.8312, learning_rate: 0.0397, gradient_norm: 1.6267, val_det_loss: 1.2178, val_cls_loss: 0.7119, val_box_loss: 0.0101, val_reg_l2_loss: 0.0643, val_loss: 1.2821
[2025-05-30 13:39:58,948] INFO - Epoch 3 - det_loss: 0.7255, cls_loss: 0.4130, box_loss: 0.0062, reg_l2_loss: 0.0649, loss: 0.7904, learning_rate: 0.0394, gradient_norm: 1.5518, val_det_loss: 0.9059, val_cls_loss: 0.5979, val_box_loss: 0.0062, val_reg_l2_loss: 0.0649, val_loss: 0.9708
[2025-05-30 13:39:58,948] INFO - Epoch 4 - det_loss: 0.7157, cls_loss: 0.3869, box_loss: 0.0066, reg_l2_loss: 0.0655, loss: 0.7811, learning_rate: 0.0390, gradient_norm: 1.4496, val_det_loss: 0.7961, val_cls_loss: 0.4906, val_box_loss: 0.0061, val_reg_l2_loss: 0.0655, val_loss: 0.8616
[2025-05-30 13:39:58,948] INFO - Epoch 5 - det_loss: 0.6999, cls_loss: 0.3985, box_loss: 0.0060, reg_l2_loss: 0.0660, loss: 0.7658, learning_rate: 0.0384, gradient_norm: 1.2593, val_det_loss: 0.8116, val_cls_loss: 0.4828, val_box_loss: 0.0066, val_reg_l2_loss: 0.0660, val_loss: 0.8775
[2025-05-30 13:39:58,948] INFO - Epoch 6 - det_loss: 0.7462, cls_loss: 0.4061, box_loss: 0.0068, reg_l2_loss: 0.0664, loss: 0.8126, learning_rate: 0.0377, gradient_norm: 1.5159, val_det_loss: 0.7551, val_cls_loss: 0.4643, val_box_loss: 0.0058, val_reg_l2_loss: 0.0664, val_loss: 0.8215
[2025-05-30 13:39:58,948] INFO - Epoch 7 - det_loss: 0.7275, cls_loss: 0.4104, box_loss: 0.0063, reg_l2_loss: 0.0669, loss: 0.7944, learning_rate: 0.0369, gradient_norm: 1.2879, val_det_loss: 0.6795, val_cls_loss: 0.4160, val_box_loss: 0.0053, val_reg_l2_loss: 0.0669, val_loss: 0.7463
[2025-05-30 13:39:58,948] INFO - Epoch 8 - det_loss: 0.8135, cls_loss: 0.4508, box_loss: 0.0073, reg_l2_loss: 0.0673, loss: 0.8807, learning_rate: 0.0360, gradient_norm: 1.7946, val_det_loss: 0.6635, val_cls_loss: 0.4122, val_box_loss: 0.0050, val_reg_l2_loss: 0.0673, val_loss: 0.7308
[2025-05-30 13:39:58,949] INFO - Epoch 9 - det_loss: 0.6801, cls_loss: 0.3753, box_loss: 0.0061, reg_l2_loss: 0.0676, loss: 0.7477, learning_rate: 0.0350, gradient_norm: 1.2895, val_det_loss: 0.6601, val_cls_loss: 0.4046, val_box_loss: 0.0051, val_reg_l2_loss: 0.0676, val_loss: 0.7277
[2025-05-30 13:39:58,949] INFO - Epoch 10 - det_loss: 0.7913, cls_loss: 0.4573, box_loss: 0.0067, reg_l2_loss: 0.0680, loss: 0.8592, learning_rate: 0.0339, gradient_norm: 1.7411, val_det_loss: 0.6422, val_cls_loss: 0.3846, val_box_loss: 0.0052, val_reg_l2_loss: 0.0680, val_loss: 0.7102
[2025-05-30 13:39:58,949] INFO - Epoch 11 - det_loss: 0.6713, cls_loss: 0.3679, box_loss: 0.0061, reg_l2_loss: 0.0683, loss: 0.7396, learning_rate: 0.0327, gradient_norm: 1.5480, val_det_loss: 0.5642, val_cls_loss: 0.3489, val_box_loss: 0.0043, val_reg_l2_loss: 0.0683, val_loss: 0.6325
[2025-05-30 13:39:58,949] INFO - Epoch 12 - det_loss: 0.7097, cls_loss: 0.3816, box_loss: 0.0066, reg_l2_loss: 0.0686, loss: 0.7783, learning_rate: 0.0314, gradient_norm: 1.6262, val_det_loss: 0.6046, val_cls_loss: 0.3699, val_box_loss: 0.0047, val_reg_l2_loss: 0.0686, val_loss: 0.6732
[2025-05-30 13:39:58,949] INFO - Epoch 13 - det_loss: 0.6784, cls_loss: 0.3755, box_loss: 0.0061, reg_l2_loss: 0.0689, loss: 0.7473, learning_rate: 0.0300, gradient_norm: 1.3559, val_det_loss: 0.5542, val_cls_loss: 0.3344, val_box_loss: 0.0044, val_reg_l2_loss: 0.0689, val_loss: 0.6231
[2025-05-30 13:39:58,949] INFO - Epoch 14 - det_loss: 0.7271, cls_loss: 0.4018, box_loss: 0.0065, reg_l2_loss: 0.0692, loss: 0.7962, learning_rate: 0.0286, gradient_norm: 1.2941, val_det_loss: 0.5464, val_cls_loss: 0.3380, val_box_loss: 0.0042, val_reg_l2_loss: 0.0692, val_loss: 0.6156
[2025-05-30 13:39:58,949] INFO - Epoch 15 - det_loss: 0.6859, cls_loss: 0.3870, box_loss: 0.0060, reg_l2_loss: 0.0694, loss: 0.7553, learning_rate: 0.0271, gradient_norm: 1.8066, val_det_loss: 0.6482, val_cls_loss: 0.3880, val_box_loss: 0.0052, val_reg_l2_loss: 0.0694, val_loss: 0.7176
[2025-05-30 13:39:58,949] INFO - Epoch 16 - det_loss: 0.5643, cls_loss: 0.3400, box_loss: 0.0045, reg_l2_loss: 0.0696, loss: 0.6339, learning_rate: 0.0256, gradient_norm: 1.3562, val_det_loss: 0.5485, val_cls_loss: 0.3414, val_box_loss: 0.0041, val_reg_l2_loss: 0.0696, val_loss: 0.6182
[2025-05-30 13:39:58,949] INFO - Epoch 17 - det_loss: 0.6111, cls_loss: 0.3531, box_loss: 0.0052, reg_l2_loss: 0.0698, loss: 0.6809, learning_rate: 0.0240, gradient_norm: 1.5045, val_det_loss: 0.5240, val_cls_loss: 0.3142, val_box_loss: 0.0042, val_reg_l2_loss: 0.0698, val_loss: 0.5939
[2025-05-30 13:39:58,949] INFO - Epoch 18 - det_loss: 0.7275, cls_loss: 0.4101, box_loss: 0.0063, reg_l2_loss: 0.0700, loss: 0.7975, learning_rate: 0.0224, gradient_norm: 1.9305, val_det_loss: 0.5071, val_cls_loss: 0.2984, val_box_loss: 0.0042, val_reg_l2_loss: 0.0700, val_loss: 0.5771
[2025-05-30 13:39:58,949] INFO - Epoch 19 - det_loss: 0.6127, cls_loss: 0.3702, box_loss: 0.0049, reg_l2_loss: 0.0701, loss: 0.6828, learning_rate: 0.0208, gradient_norm: 1.2965, val_det_loss: 0.4984, val_cls_loss: 0.3014, val_box_loss: 0.0039, val_reg_l2_loss: 0.0702, val_loss: 0.5685
[2025-05-30 13:39:58,949] INFO - Epoch 20 - det_loss: 0.6049, cls_loss: 0.3549, box_loss: 0.0050, reg_l2_loss: 0.0703, loss: 0.6751, learning_rate: 0.0192, gradient_norm: 1.8477, val_det_loss: 0.5615, val_cls_loss: 0.3456, val_box_loss: 0.0043, val_reg_l2_loss: 0.0703, val_loss: 0.6318
[2025-05-30 13:39:58,949] INFO - Epoch 21 - det_loss: 0.6406, cls_loss: 0.3711, box_loss: 0.0054, reg_l2_loss: 0.0704, loss: 0.7110, learning_rate: 0.0176, gradient_norm: 1.7268, val_det_loss: 0.5220, val_cls_loss: 0.3196, val_box_loss: 0.0040, val_reg_l2_loss: 0.0704, val_loss: 0.5924
[2025-05-30 13:39:58,949] INFO - Epoch 22 - det_loss: 0.6746, cls_loss: 0.3902, box_loss: 0.0057, reg_l2_loss: 0.0705, loss: 0.7450, learning_rate: 0.0160, gradient_norm: 1.6720, val_det_loss: 0.5112, val_cls_loss: 0.3141, val_box_loss: 0.0039, val_reg_l2_loss: 0.0705, val_loss: 0.5817
[2025-05-30 13:39:58,949] INFO - Epoch 23 - det_loss: 0.6584, cls_loss: 0.3577, box_loss: 0.0060, reg_l2_loss: 0.0705, loss: 0.7290, learning_rate: 0.0144, gradient_norm: 2.2169, val_det_loss: 0.4585, val_cls_loss: 0.2752, val_box_loss: 0.0037, val_reg_l2_loss: 0.0705, val_loss: 0.5290
[2025-05-30 13:39:58,949] INFO - Epoch 24 - det_loss: 0.4911, cls_loss: 0.2932, box_loss: 0.0040, reg_l2_loss: 0.0706, loss: 0.5617, learning_rate: 0.0129, gradient_norm: 1.7219, val_det_loss: 0.4680, val_cls_loss: 0.2845, val_box_loss: 0.0037, val_reg_l2_loss: 0.0706, val_loss: 0.5386
[2025-05-30 13:39:58,949] INFO - Epoch 25 - det_loss: 0.5198, cls_loss: 0.3210, box_loss: 0.0040, reg_l2_loss: 0.0706, loss: 0.5904, learning_rate: 0.0114, gradient_norm: 1.8748, val_det_loss: 0.4637, val_cls_loss: 0.2831, val_box_loss: 0.0036, val_reg_l2_loss: 0.0706, val_loss: 0.5343
[2025-05-30 13:39:58,950] INFO - Epoch 26 - det_loss: 0.5156, cls_loss: 0.3004, box_loss: 0.0043, reg_l2_loss: 0.0706, loss: 0.5862, learning_rate: 0.0100, gradient_norm: 1.9023, val_det_loss: 0.4665, val_cls_loss: 0.2892, val_box_loss: 0.0035, val_reg_l2_loss: 0.0706, val_loss: 0.5371
[2025-05-30 13:39:58,950] INFO - Epoch 27 - det_loss: 0.5822, cls_loss: 0.3271, box_loss: 0.0051, reg_l2_loss: 0.0706, loss: 0.6528, learning_rate: 0.0086, gradient_norm: 2.4001, val_det_loss: 0.4432, val_cls_loss: 0.2666, val_box_loss: 0.0035, val_reg_l2_loss: 0.0706, val_loss: 0.5138
[2025-05-30 13:39:58,950] INFO - Epoch 28 - det_loss: 0.5298, cls_loss: 0.2999, box_loss: 0.0046, reg_l2_loss: 0.0706, loss: 0.6004, learning_rate: 0.0074, gradient_norm: 1.8335, val_det_loss: 0.4396, val_cls_loss: 0.2610, val_box_loss: 0.0036, val_reg_l2_loss: 0.0706, val_loss: 0.5102
[2025-05-30 13:39:58,950] INFO - Epoch 29 - det_loss: 0.4421, cls_loss: 0.2649, box_loss: 0.0035, reg_l2_loss: 0.0706, loss: 0.5127, learning_rate: 0.0062, gradient_norm: 1.6933, val_det_loss: 0.4451, val_cls_loss: 0.2696, val_box_loss: 0.0035, val_reg_l2_loss: 0.0706, val_loss: 0.5158
[2025-05-30 13:39:58,950] INFO - Epoch 30 - det_loss: 0.4165, cls_loss: 0.2584, box_loss: 0.0032, reg_l2_loss: 0.0706, loss: 0.4871, learning_rate: 0.0050, gradient_norm: 1.4340, val_det_loss: 0.4268, val_cls_loss: 0.2545, val_box_loss: 0.0034, val_reg_l2_loss: 0.0706, val_loss: 0.4974
[2025-05-30 13:39:58,950] INFO - Epoch 31 - det_loss: 0.3411, cls_loss: 0.2057, box_loss: 0.0027, reg_l2_loss: 0.0706, loss: 0.4117, learning_rate: 0.0040, gradient_norm: 1.4013, val_det_loss: 0.4370, val_cls_loss: 0.2616, val_box_loss: 0.0035, val_reg_l2_loss: 0.0706, val_loss: 0.5076
[2025-05-30 13:39:58,950] INFO - Epoch 32 - det_loss: 0.4014, cls_loss: 0.2318, box_loss: 0.0034, reg_l2_loss: 0.0706, loss: 0.4720, learning_rate: 0.0031, gradient_norm: 1.7318, val_det_loss: 0.4244, val_cls_loss: 0.2591, val_box_loss: 0.0033, val_reg_l2_loss: 0.0706, val_loss: 0.4950
[2025-05-30 13:39:58,950] INFO - Epoch 33 - det_loss: 0.4161, cls_loss: 0.2478, box_loss: 0.0034, reg_l2_loss: 0.0706, loss: 0.4867, learning_rate: 0.0023, gradient_norm: 1.5658, val_det_loss: 0.4195, val_cls_loss: 0.2549, val_box_loss: 0.0033, val_reg_l2_loss: 0.0706, val_loss: 0.4900
[2025-05-30 13:39:58,950] INFO - Epoch 34 - det_loss: 0.4349, cls_loss: 0.2475, box_loss: 0.0037, reg_l2_loss: 0.0706, loss: 0.5055, learning_rate: 0.0016, gradient_norm: 1.7433, val_det_loss: 0.4091, val_cls_loss: 0.2493, val_box_loss: 0.0032, val_reg_l2_loss: 0.0706, val_loss: 0.4796
[2025-05-30 13:39:58,950] INFO - Epoch 35 - det_loss: 0.4732, cls_loss: 0.2929, box_loss: 0.0036, reg_l2_loss: 0.0706, loss: 0.5437, learning_rate: 0.0010, gradient_norm: 1.7772, val_det_loss: 0.4008, val_cls_loss: 0.2439, val_box_loss: 0.0031, val_reg_l2_loss: 0.0706, val_loss: 0.4714
[2025-05-30 13:39:58,950] INFO - Epoch 36 - det_loss: 0.4719, cls_loss: 0.2731, box_loss: 0.0040, reg_l2_loss: 0.0706, loss: 0.5424, learning_rate: 0.0006, gradient_norm: 1.5624, val_det_loss: 0.4019, val_cls_loss: 0.2464, val_box_loss: 0.0031, val_reg_l2_loss: 0.0706, val_loss: 0.4725
[2025-05-30 13:39:58,950] INFO - Epoch 37 - det_loss: 0.3530, cls_loss: 0.2230, box_loss: 0.0026, reg_l2_loss: 0.0706, loss: 0.4235, learning_rate: 0.0003, gradient_norm: 1.5419, val_det_loss: 0.4032, val_cls_loss: 0.2473, val_box_loss: 0.0031, val_reg_l2_loss: 0.0706, val_loss: 0.4738
[2025-05-30 13:39:58,950] INFO - Epoch 38 - det_loss: 0.4541, cls_loss: 0.2695, box_loss: 0.0037, reg_l2_loss: 0.0706, loss: 0.5246, learning_rate: 0.0001, gradient_norm: 2.0078, val_det_loss: 0.4013, val_cls_loss: 0.2458, val_box_loss: 0.0031, val_reg_l2_loss: 0.0706, val_loss: 0.4718
[2025-05-30 13:39:58,950] INFO - Epoch 39 - det_loss: 0.4846, cls_loss: 0.2774, box_loss: 0.0041, reg_l2_loss: 0.0706, loss: 0.5551, learning_rate: 0.0000, gradient_norm: 1.3766, val_det_loss: 0.4024, val_cls_loss: 0.2466, val_box_loss: 0.0031, val_reg_l2_loss: 0.0706, val_loss: 0.4730
[2025-05-30 13:39:58,950] INFO - Epoch 40 - det_loss: 0.5026, cls_loss: 0.2787, box_loss: 0.0045, reg_l2_loss: 0.0706, loss: 0.5731, learning_rate: 0.0001, gradient_norm: 2.6440, val_det_loss: 0.4021, val_cls_loss: 0.2464, val_box_loss: 0.0031, val_reg_l2_loss: 0.0706, val_loss: 0.4727
[2025-05-30 13:40:05,698] INFO - Evaluation Results: {'AP': 0.33256555, 'AP50': 0.6540017, 'AP75': 0.28907773, 'APs': 0.09898134, 'APm': 0.1696247, 'APl': 0.4238668, 'ARmax1': 0.3782835, 'ARmax10': 0.5264847, 'ARmax100': 0.5549878, 'ARs': 0.16078432, 'ARm': 0.25792208, 'ARl': 0.63968253, 'AP_/Fire': 0.44648567, 'AP_/Smoke': 0.21864542}
[2025-05-30 13:40:06,152] INFO - Result Plot Saved
[2025-05-30 13:41:22,250] INFO - Model Export Complete
[2025-05-30 22:00:08,903] INFO - Start Training...
